========================================
Starting outreach queue at Sat Mar 28 10:38:08 AM PDT 2026
Emails will be sent every 10 minutes
Press Ctrl+C to stop
========================================
[Sat Mar 28 10:38:08 AM PDT 2026] Sending next email (8 remaining in queue)...
Sending email #3 to Happy Hearts Childcare (happyheartsclovis@gmail.com)...
SUCCESS: Email sent to happyheartsclovis@gmail.com
Queue updated. Email #3 marked as sent.

Queue status: 3 sent, 7 pending
[Sat Mar 28 10:38:09 AM PDT 2026] Email sent successfully
[Sat Mar 28 10:38:09 AM PDT 2026] Waiting 10 minutes before next email...

[Sat Mar 28 10:48:09 AM PDT 2026] Sending next email (6 remaining in queue)...
Sending email #5 to Tiny Tots Preschool (tinytotssanger@gmail.com)...
SUCCESS: Email sent to tinytotssanger@gmail.com
Queue updated. Email #5 marked as sent.

Queue status: 5 sent, 5 pending
[Sat Mar 28 10:48:10 AM PDT 2026] Email sent successfully
[Sat Mar 28 10:48:10 AM PDT 2026] Waiting 10 minutes before next email...

[Sat Mar 28 10:58:10 AM PDT 2026] Sending next email (4 remaining in queue)...
Sending email #7 to Angels Care Daycare (angelscarefresno@gmail.com)...
SUCCESS: Email sent to angelscarefresno@gmail.com
Queue updated. Email #7 marked as sent.

Queue status: 7 sent, 3 pending
[Sat Mar 28 10:58:11 AM PDT 2026] Email sent successfully
[Sat Mar 28 10:58:11 AM PDT 2026] Waiting 10 minutes before next email...

[Sat Mar 28 11:08:11 AM PDT 2026] Sending next email (2 remaining in queue)...
Sending email #9 to Precious Moments Daycare (preciousmomentsfresno@gmail.com)...
SUCCESS: Email sent to preciousmomentsfresno@gmail.com
Queue updated. Email #9 marked as sent.

Queue status: 9 sent, 1 pending
[Sat Mar 28 11:08:12 AM PDT 2026] Email sent successfully
[Sat Mar 28 11:08:12 AM PDT 2026] Waiting 10 minutes before next email...

[Sat Mar 28 11:18:12 AM PDT 2026] All emails sent! Queue complete.
[Sat Mar 28 11:18:12 AM PDT 2026] Outreach queue finished.
eative Kids Learning Center (creativekidsvisalia@gmail.com)...
SUCCESS: Email sent to creativekidsvisalia@gmail.com
Queue updated. Email #10 marked as sent.

Queue status: 10 sent, 0 pending
[Sat Mar 28 11:16:03 AM PDT 2026] Email sent successfully
[Sat Mar 28 11:16:03 AM PDT 2026] All emails sent! Queue complete.
[Sat Mar 28 11:16:03 AM PDT 2026] Outreach queue finished.
 28 11:06:01 AM PDT 2026] Sending next email (3 remaining in queue)...
Sending email #8 to Little Explorers Academy (littlexplorersmadera@gmail.com)...
SUCCESS: Email sent to littlexplorersmadera@gmail.com
Queue updated. Email #8 marked as sent.

Queue status: 8 sent, 2 pending
[Sat Mar 28 11:06:01 AM PDT 2026] Email sent successfully
[Sat Mar 28 11:06:01 AM PDT 2026] Waiting 10 minutes before next email...

[Sat Mar 28 11:08:11 AM PDT 2026] Sending next email (2 remaining in queue)...
Sending email #9 to Precious Moments Daycare (preciousmomentsfresno@gmail.com)...
SUCCESS: Email sent to preciousmomentsfresno@gmail.com
Queue updated. Email #9 marked as sent.

Queue status: 9 sent, 1 pending
[Sat Mar 28 11:08:12 AM PDT 2026] Email sent successfully
[Sat Mar 28 11:08:12 AM PDT 2026] Waiting 10 minutes before next email...

[Sat Mar 28 11:16:01 AM PDT 2026] Sending next email (1 remaining in queue)...
Sending email #10 to Creative Kids Learning Center (creativekidsvisalia@gmail.com)...
SUCCESS: Email sent to creativekidsvisalia@gmail.com
Queue updated. Email #10 marked as sent.

Queue status: 10 sent, 0 pending
[Sat Mar 28 11:16:03 AM PDT 2026] Email sent successfully
[Sat Mar 28 11:16:03 AM PDT 2026] All emails sent! Queue complete.
[Sat Mar 28 11:16:03 AM PDT 2026] Outreach queue finished.
[Sat Mar 28 11:18:12 AM PDT 2026] All emails sent! Queue complete.
[Sat Mar 28 11:18:12 AM PDT 2026] Outreach queue finished.
